<?xml version="1.0" encoding="UTF-8"?>
<!-- Generated by org.testng.reporters.JUnitReportReporter -->
<testsuite name="epackage.TestCase10" tests="1" time="11.864" ignored="0" failures="0" timestamp="10 Feb 2017 05:56:36 GMT" skipped="0" hostname="iqbal" errors="0">
  <testcase name="testTestCase10" time="11.864" classname="epackage.TestCase10"/>
</testsuite> <!-- epackage.TestCase10 -->
