<?xml version="1.0" encoding="UTF-8"?>
<!-- Generated by org.testng.reporters.JUnitReportReporter -->
<testsuite name="epackage.TestCase1" tests="1" time="9.752" ignored="0" failures="0" timestamp="06 Feb 2017 23:03:48 GMT" skipped="0" hostname="iqbal" errors="0">
  <testcase name="testDay1TestCase1" time="9.752" classname="epackage.TestCase1"/>
</testsuite> <!-- epackage.TestCase1 -->
